<?xml version="1.0" encoding="UTF-8"?>
<!-- Generated by org.testng.reporters.JUnitReportReporter -->
<testsuite hostname="Mahil" failures="0" tests="6" name="api.tests.DataDrivenTests" time="12.177" errors="0" timestamp="2024-02-04T18:24:03 IST" skipped="0">
  <testcase classname="api.tests.DataDrivenTests" name="postUsers" time="4.107"/>
  <testcase classname="api.tests.DataDrivenTests" name="postUsers" time="2.298"/>
  <testcase classname="api.tests.DataDrivenTests" name="postUsers" time="2.259"/>
  <testcase classname="api.tests.DataDrivenTests" name="deleteUsers" time="1.199"/>
  <testcase classname="api.tests.DataDrivenTests" name="deleteUsers" time="1.132"/>
  <testcase classname="api.tests.DataDrivenTests" name="deleteUsers" time="1.182"/>
</testsuite> <!-- api.tests.DataDrivenTests -->
