<?xml version="1.0" encoding="UTF-8"?>
<!-- Generated by org.testng.reporters.JUnitReportReporter -->
<testsuite hostname="Mahil" failures="0" tests="4" name="api.tests.UsersTest2" time="9.509" errors="0" timestamp="2024-02-05T14:42:59 IST" skipped="0">
  <testcase classname="api.tests.UsersTest2" name="testCreateUser" time="2.857"/>
  <testcase classname="api.tests.UsersTest2" name="testGetUserByName" time="2.050"/>
  <testcase classname="api.tests.UsersTest2" name="testUpdateUserByName" time="3.097"/>
  <testcase classname="api.tests.UsersTest2" name="testDeleteUserByName" time="1.505"/>
</testsuite> <!-- api.tests.UsersTest2 -->
