<?xml version="1.0" encoding="UTF-8"?>
<!-- Generated by org.testng.reporters.JUnitReportReporter -->
<testsuite hostname="Mahil" failures="0" tests="4" name="api.tests.UsersTest2" time="9.414" errors="0" timestamp="2024-02-05T15:57:17 IST" skipped="0">
  <testcase classname="api.tests.UsersTest2" name="testCreateUser" time="2.970"/>
  <testcase classname="api.tests.UsersTest2" name="testGetUserByName" time="1.871"/>
  <testcase classname="api.tests.UsersTest2" name="testUpdateUserByName" time="3.100"/>
  <testcase classname="api.tests.UsersTest2" name="testDeleteUserByName" time="1.473"/>
</testsuite> <!-- api.tests.UsersTest2 -->
